         w __deregister_frame_info
         w __register_frame_info
         w userAppExit
         w userAppInit
00000000 00000802 B __ctru_dev_utf16_buf
00000000 A __sync_synchronize
00000000 b _TLS_MODULE_BASE_
00000000 a shift
00000000 a shift
00000804 00000401 B __ctru_dev_path_buf
00100000 A __start__
00100000 T _start
00100008 T __service_ptr
0010000c T __apt_appid
00100010 T __heap_size
00100014 T __linear_heap_size
00100018 T __system_arglist
0010001c T __system_runflags
00100020 t startup
00100058 t ClearMem
0010006c t ClrLoop
00100094 T _init
001000ac T __aeabi_uldivmod
001000e8 00000004 W __aeabi_idiv0
001000e8 00000004 W __aeabi_ldiv0
00100108 00000390 T strcmp
00100490 t .udivsi3_skip_div0_test
00100490 T __aeabi_uidiv
00100490 000001ec T __udivsi3
0010067c 00000020 T __aeabi_uidivmod
0010069c T __aeabi_idiv
0010069c 00000220 T __divsi3
001006a4 t .divsi3_skip_div0_test
001008bc 00000020 T __aeabi_idivmod
001008dc t __do_global_dtors_aux
0010092c t frame_dummy
00100958 000000b8 t saveSettings
00100a10 000000c8 t ledApplySetting.isra.0
00100ad8 0000018c t doUndo
00100c64 00000148 t applyLED
00100dac 000000d4 t applyOff
00100e80 00000f1c T main
00101d9c 00000044 t C2Di_FrameEndHook
00101de0 00000368 T C2D_Init
00102148 0000004c T C2D_Fini
00102194 000000bc T C2D_Prepare
00102250 00000048 T C2D_Flush
00102298 000000fc T C2D_SceneSize
00102394 00000060 T C2D_CreateScreenTarget
001023f4 00000060 T C2D_TargetClear
00102454 00000054 T C2Di_AppendQuad
001024a8 00000738 T C2Di_Update
00102be0 00000168 T C2D_DrawRectangle
00102d48 00000028 T AttrInfo_Init
00102d70 00000094 T AttrInfo_AddLoader
00102e04 00000054 T C3D_SetAttrInfo
00102e58 00000080 T C3Di_AttrInfoBind
00102ed8 00000004 W C3Di_LightEnvUpdate
00102edc 00000004 W C3Di_LightEnvDirty
00102ee0 000000b4 t C3Di_AptEventHook
00102f94 00000004 W C3Di_GasUpdate
00102f98 000001d0 T C3D_Init
00103168 00000098 T C3D_SetViewport
00103200 000004e8 T C3Di_UpdateContext
001036e8 000000e0 T C3Di_SplitFrame
001037c8 00000044 T C3D_Fini
0010380c 00000194 T C3D_BindProgram
001039a0 00000024 T BufInfo_Init
001039c4 00000080 T BufInfo_Add
00103a44 0000003c T C3D_SetBufInfo
00103a80 00000048 T C3Di_BufInfoBind
00103ac8 0000021c T C3D_DrawElements
00103ce4 00000040 T C3D_DepthMap
00103d24 0000001c T C3D_CullFace
00103d40 00000040 T C3D_StencilTest
00103d80 00000024 T C3D_StencilOp
00103da4 0000001c T C3D_BlendingColor
00103dc0 00000024 T C3D_EarlyDepthTest
00103de4 0000002c T C3D_DepthTest
00103e10 0000002c T C3D_AlphaTest
00103e3c 00000050 T C3D_AlphaBlend
00103e8c 00000030 T C3D_FragOpMode
00103ebc 00000044 T C3D_FragOpShadow
00103f00 000001ac T C3Di_EffectBind
001040ac 0000001c T C3D_CalcColorBufSize
001040c8 0000001c T C3D_CalcDepthBufSize
001040e4 00000044 T C3D_SetFrameBuf
00104128 0000016c T C3Di_FrameBufBind
00104294 000000c8 T C3D_FrameBufClear
0010435c 00000044 T C3D_FrameBufTransfer
001043a0 000000a8 T C3D_ImmSendAttrib
00104448 00000070 T C3D_ProcTexInit
001044b8 00000054 T C3D_ProcTexBind
0010450c 0000005c T C3D_ProcTexLutBind
00104568 000000a4 T ProcTexLut_FromArray
0010460c 00000178 T C3Di_ProcTexUpdate
00104784 00000068 T C3Di_ProcTexDirty
001047ec 0000004c t onVBlank0
00104838 0000004c t onVBlank1
00104884 00000080 t C3Di_RenderTargetDestroy
00104904 000000f4 t onQueueFinish
001049f8 00000038 T C3Di_RenderQueueEnableVBlank
00104a30 00000030 T C3Di_RenderQueueDisableVBlank
00104a60 00000060 T C3Di_RenderQueueInit
00104ac0 000000b4 T C3Di_RenderQueueExit
00104b74 00000034 T C3Di_RenderQueueWaitDone
00104ba8 000000e8 T C3D_FrameBegin
00104c90 00000048 T C3D_FrameDrawOn
00104cd8 00000058 T C3D_FrameSplit
00104d30 000001d0 T C3D_FrameEnd
00104f00 0000001c T C3D_FrameEndHook
00104f1c 00000170 T C3D_RenderTargetCreate
0010508c 000000a8 T C3D_RenderTargetSetOutput
00105134 00000034 T C3D_GetTexEnv
00105168 00000024 T C3Di_TexEnvBind
0010518c 00000044 T C3D_TexBind
001051d0 0000014c T C3Di_SetTex
0010531c 00000290 T C3D_UpdateUniforms
001055ac 000000c0 T C3Di_DirtyUniforms
0010566c 000000d8 T C3Di_LoadShaderUniforms
00105744 00000028 T C3Di_ClearShaderUniforms
0010576c 000000cc T Mtx_Ortho
00105838 000000cc T Mtx_OrthoTilt
00105904 00000024 t addrMapNodeComparator(rbtree_node const*, rbtree_node const*)
00105928 00000004 t addrMapNodeDestructor(rbtree_node*)
0010592c 0000012c T linearMemAlign
00105a58 00000008 T linearAlloc
00105a60 0000005c T linearFree
00105abc 00000088 T MemPool::CoalesceRight(MemBlock*)
00105b44 00000178 T MemPool::Allocate(MemChunk&, unsigned long, int)
00105cbc 00000118 T MemPool::Deallocate(MemChunk const&)
00105dd4 00000030 T MemPool::GetFreeSpace()
00105e04 00000024 t addrMapNodeComparator(rbtree_node const*, rbtree_node const*)
00105e28 00000004 t addrMapNodeDestructor(rbtree_node*)
00105e2c 00000248 T vramMemAlignAt
00106074 0000000c T vramAlloc
00106080 0000000c T vramAllocAt
0010608c 00000094 T vramFree
00106120 000000cc t gfxPresentFramebuffer
001061ec 0000001c T gfxIsWide
00106208 000000f8 T gfxSetScreenFormat
00106300 000000d8 T gfxInit
001063d8 00000010 T gfxInitDefault
001063e8 000000b8 T gfxExit
001064a0 000000a0 T gfxGetFramebuffer
00106540 00000028 T gfxScreenSwapBuffers
00106568 00000074 T osConvertVirtToPhys
001065dc 00000034 T __ctru_speedup_config
00106610 0000013c T GPUCMD_Add
0010674c 000000b0 T GPUCMD_Split
001067fc 00000034 T f32tof16
00106830 00000034 T f32tof24
00106864 00000038 T f32tof31
0010689c 00000010 T GX_BindQueue
001068ac 0000007c T GX_ProcessCommandList
00106928 00000074 T GX_MemoryFill
0010699c 00000074 T GX_DisplayTransfer
00106a10 00000064 t gxCmdQueueDoCommands.part.0
00106a74 000000e4 T gxCmdQueueInterrupt
00106b58 00000068 T gxCmdQueueClear
00106bc0 00000108 T gxCmdQueueAdd
00106cc8 00000080 T gxCmdQueueRun
00106d48 00000064 T gxCmdQueueStop
00106dac 000000ac T gxCmdQueueWait
00106e58 000001e0 T shaderInstanceInit
00107038 00000018 T shaderInstanceGetUniformLocation
00107050 0000001c T shaderProgramInit
0010706c 00000074 T shaderProgramFree
001070e0 00000094 T shaderProgramSetVsh
00107174 000008d0 T shaderProgramConfigure
00107a44 000001dc t DVLE_GenerateOutmap.part.0
00107c20 000001ac T DVLB_ParseFile
00107dcc 00000050 T DVLB_Free
00107e1c 00000074 T DVLE_GetUniformRegister
00107e90 00000180 t aptConvertScreenForCapture
00108010 00000008 W aptDspSleep
00108018 00000004 W aptDspWakeup
0010801c 00000004 W aptDspCancel
00108020 00000138 T aptSendCommand
00108158 00000044 t aptExitProcess
0010819c 00000394 T aptExit
00108530 000000d8 T aptHandleSleep
00108608 00000034 T aptHook
0010863c 00000030 T aptUnhook
0010866c 00000084 T APT_SleepIfShellClosed
001086f0 00000078 T aptSetSleepAllowed
00108768 00000084 T APT_UnlockTransition
001087f0 00000470 t aptEventHandler
00108c60 000000bc T APT_ReceiveParameter
00108d1c 000000b0 t aptReceiveParameter.constprop.0
00108dd0 00000294 t aptScreenTransfer
00109064 000002d0 t aptWaitForWakeUp.isra.0
00109334 000000f4 T aptJumpToHomeMenu
00109428 00000058 T aptMainLoop
00109480 00000240 T aptInit
001096c0 00000090 T APT_CheckNew3DS
00109750 00000c70 t gspHardwareInit
0010a3c0 00000288 T gspInit
0010a648 00000104 T gspExit
0010a74c 00000010 T gspHasGpuRight
0010a75c 000000a4 T gspPresentBuffer
0010a800 00000030 T gspSetEventCallback
0010a830 00000050 T gspWaitForEvent
0010a880 0000004c T gspWaitForAnyEvent
0010a8cc 00000154 t gspEventThreadMain
0010aa20 0000012c T gspSubmitGxCommand
0010ab4c 00000050 T GSPGPU_FlushDataCache
0010ab9c 00000034 T GSPGPU_SetLcdForceBlack
0010abd0 00000084 T GSPGPU_AcquireRight
0010ac54 00000064 T GSPGPU_ReleaseRight
0010acb8 0000007c T GSPGPU_ImportDisplayCaptureInfo
0010ad34 0000002c T GSPGPU_SaveVramSysArea
0010ad60 0000002c T GSPGPU_RestoreVramSysArea
0010ad8c 00000024 W hidShouldUseIrrst
0010adb0 000001cc T hidInit
0010af7c 000000e8 T hidExit
0010b064 000002a0 T hidScanInput
0010b304 00000010 T hidKeysHeld
0010b314 00000010 T hidKeysDown
0010b324 00000018 T hidTouchRead
0010b33c 000001a4 T irrstInit
0010b4e0 000000dc T irrstExit
0010b5bc 000000b4 T irrstScanInput
0010b670 00000024 T irrstKeysHeld
0010b694 00000078 T mcuHwcInit
0010b70c 0000003c T mcuHwcExit
0010b748 00000100 T MCUHWC_SetInfoLedPattern
0010b848 00000078 T ptmSysmInit
0010b8c0 0000003c T ptmSysmExit
0010b8fc 00000034 T PTMSYSM_ConfigureNew3DSCPU
0010b930 00000074 T rbtree_find
0010b9a4 00000010 T rbtree_init
0010b9b4 00000198 t do_insert
0010bb4c 00000008 T rbtree_insert
0010bb54 00000310 T rbtree_remove
0010be64 00000090 T rbtree_rotate
0010bef8 000001e8 W __system_allocateHeaps
0010c0e0 00000038 W __libctru_init
0010c118 0000016c W __system_initArgv
0010c284 00000030 T __syscall_getreent
0010c2b4 00000004 T __syscall_lock_acquire
0010c2b8 00000004 T __syscall_lock_release
0010c2bc 00000004 T __syscall_lock_acquire_recursive
0010c2c0 00000004 T __syscall_lock_release_recursive
0010c2c4 00000004 T __syscall_exit
0010c2c8 00000054 T initThreadVars
0010c31c 00000080 T __system_initSyscalls
0010c39c T svcControlMemory
0010c3bc T svcQueryMemory
0010c3ec T svcExitProcess
0010c3f4 T svcCreateThread
0010c414 T svcExitThread
0010c41c T svcSleepThread
0010c424 T svcReleaseMutex
0010c42c T svcCreateEvent
0010c440 T svcSignalEvent
0010c448 T svcClearEvent
0010c450 T svcMapMemoryBlock
0010c458 T svcUnmapMemoryBlock
0010c460 T svcCreateAddressArbiter
0010c474 T svcArbitrateAddressNoTimeout
0010c47c T svcCloseHandle
0010c484 T svcWaitSynchronization
0010c48c T svcWaitSynchronizationN
0010c4b4 T svcDuplicateHandle
0010c4c8 T svcGetSystemTick
0010c4d0 T svcConnectToPort
0010c4e4 T svcSendSyncRequest
0010c4ec T svcGetResourceLimit
0010c500 T svcGetResourceLimitLimitValues
0010c508 T svcGetResourceLimitCurrentValues
0010c510 T svcBreak
0010c518 W initSystem
0010c568 W __ctru_exit
0010c57c 0000008c W envGetHandle
0010c608 00000050 W envDestroyHandles
0010c658 00000164 T srvInit
0010c7bc 00000064 T srvExit
0010c820 00000060 T srvEnableNotification
0010c880 000000a0 T srvGetServiceHandleDirect
0010c920 00000048 T srvGetServiceHandle
0010c968 00000034 T srvSubscribe
0010c99c 00000060 T srvReceiveNotification
0010c9fc 00000038 T srvPublishToSubscriber
0010ca34 0000000c T __sync_init
0010ca40 00000018 T __sync_fini
0010ca58 00000028 T syncArbitrateAddress
0010ca80 000000ac T LightLock_Lock
0010cb2c 00000040 T LightLock_Unlock
0010cb6c 00000054 T RecursiveLock_Lock
0010cbc0 00000054 T RecursiveLock_Unlock
0010cc14 00000044 T LightEvent_Init
0010cc58 000000b8 T LightEvent_Clear
0010cd10 000000dc T LightEvent_Signal
0010cdec 00000050 T LightEvent_TryWait
0010ce3c 000000ac T LightEvent_Wait
0010cee8 000001fc T threadCreate
0010d0e4 00000038 T threadFree
0010d11c 00000024 T threadJoin
0010d140 00000030 T threadGetCurrent
0010d170 00000040 T threadExit
0010d1b0 00000020 t _thread_begin
0010d1d0 00000090 t mappableFindAddressWithin
0010d260 00000028 T mappableInit
0010d288 0000007c T mappableAlloc
0010d304 00000004 T mappableFree
0010d308 0000000c T srvPmGetSessionHandle
0010d314 00000060 T rbtree_node_next
0010d374 00000030 W __appExit
0010d3a4 00000030 W __appInit
0010d3d4 00000090 W __libctru_exit
0010d464 00000024 t error_cmp
0010d488 00000050 t archive_translate_error
0010d4d8 000000c0 t archive_seek
0010d598 00000078 t _archiveInit.part.0
0010d610 00000110 t archiveFindDevice.part.0
0010d720 00000298 t archive_utf16path
0010d9b8 00000098 t _archiveUnmountDeviceStruct.part.0
0010da50 00000178 t _archiveMountDevice
0010dbc8 000000f8 t archive_diropen
0010dcc0 000000ac t archive_fstat
0010dd6c 00000074 t archive_fsync
0010dde0 00000074 t archive_close
0010de54 00000078 t archive_dirclose
0010decc 000000ec t sdmc_statvfs
0010dfb8 000000f8 t archive_chdir
0010e0b0 0000008c t archive_ftruncate
0010e13c 000000bc t archive_read
0010e1f8 000000a8 t archive_unlink
0010e2a0 000000c0 t archive_rmdir
0010e360 000000d8 t archive_mkdir
0010e438 000001a0 t archive_stat
0010e5d8 00000164 t archive_dirnext
0010e73c 0000013c t archive_write
0010e878 00000254 t archive_open
0010eacc 00000270 t archive_rename
0010ed3c 000001c8 T archiveMountSdmc
0010ef04 00000054 T archiveUnmountAll
0010ef58 00000104 T fsInit
0010f05c 0000003c T fsExit
0010f098 00000068 T fsExemptFromSession
0010f100 00000050 T fsUnexemptFromSession
0010f150 000000cc T FSUSER_OpenFile
0010f21c 000000b8 T FSUSER_DeleteFile
0010f2d4 000000f4 T FSUSER_RenameFile
0010f3c8 000000b8 T FSUSER_DeleteDirectory
0010f480 000000d0 T FSUSER_CreateFile
0010f550 000000c0 T FSUSER_CreateDirectory
0010f610 000000f4 T FSUSER_RenameDirectory
0010f704 000000b4 T FSUSER_OpenDirectory
0010f7b8 00000090 T FSUSER_OpenArchive
0010f848 0000008c T FSUSER_CloseArchive
0010f8d4 00000074 T FSUSER_GetSdmcArchiveResource
0010f948 00000064 T FSUSER_IsSdmcWritable
0010f9ac 00000064 T FSFILE_Read
0010fa10 0000006c T FSFILE_Write
0010fa7c 00000044 T FSFILE_GetSize
0010fac0 00000028 T FSFILE_SetSize
0010fae8 0000003c T FSFILE_Close
0010fb24 00000024 T FSFILE_Flush
0010fb48 00000060 T FSDIR_Read
0010fba8 0000003c T FSDIR_Close
0010fbe4 00000140 T decode_utf8
0010fd24 000000e8 T utf16_to_utf8
0010fe0c 000000c0 T utf8_to_utf16
0010fecc T __aeabi_read_tp
0010fed8 00000054 T decode_utf16
0010ff2c 00000054 T encode_utf16
0010ff80 000000e0 T encode_utf8
00110060 00000130 T __udivmoddi4
00110190 000000e4 T strncat
00110274 00000128 T memcpy
0011039c 0000008c T strlen
00110428 00000334 T _fread_r
0011075c 00000038 T fread
00110794 00000078 T bsearch
0011080c 00000134 T _fopen_r
00110940 00000028 T fopen
00110968 00000028 T memalign
00110990 000000a0 T snprintf
00110a30 000001ec t _strtoul_l.isra.0
00110c1c 0000003c T strtoul
00110c58 00000028 T calloc
00110c80 0000016c T _memalign_r
00110dec 0000000c T __errno
00110df8 00000164 T __smakebuf_r
00110f5c 000000e4 T memset
00111040 000000d8 T _calloc_r
00111118 0000022c T __sflush_r
00111344 000000c4 T _fflush_r
00111408 00000104 T _fwrite_r
0011150c 00000038 T fwrite
00111544 0000082c T _malloc_r
00111d70 00000114 T _malloc_trim_r
00111e84 00000314 T _free_r
00112198 0000001c t stdio_exit_handler
001121b4 0000005c t cleanup_stdio
00112210 00000154 t global_stdio_init.part.0
00112364 00000138 T __sfp
0011249c 0000005c T __sinit
001124f8 0000000c T __sfp_lock_acquire
00112504 0000000c T __sfp_lock_release
00112510 00000084 T __libc_init_array
00112594 000000d4 T strncpy
00112668 0000001c T _fseek_r
00112684 00000040 T malloc
001126c4 00000020 T free
001126e4 00000044 T __sread
00112728 00000068 T __swrite
00112790 00000040 T __sseek
001127d0 00000008 T __sclose
001127d8 000001a8 T memmove
00112980 0000000c T __malloc_lock
0011298c 0000000c T __malloc_unlock
00112998 00000588 T _fseeko_r
00112f20 00000148 T _fclose_r
00113068 00000020 T fclose
00113088 00000004 W __call_exitprocs
0011308c 00000030 T exit
001130bc 000005e0 t get_arg
001136a0 0000345c T _svfprintf_r
00116afc 000000b8 T __sflags
00116bb4 0000003c T __libc_fini_array
00116bf0 0000003c T strnlen
00116c2c 000000d8 T strncmp
00116d04 00000038 t lflush
00116d3c 000001a8 T __srefill_r
00116ee8 00000088 T frexp
00116f70 00000070 T _fwalk_sglue
00116fe0 000000a0 T _wcrtomb_r
00117080 000000a4 T __ssprint_r
00117124 000004a4 T __sfvwrite_r
001175c8 00000024 T __locale_mb_cur_max
001175ec 000001c0 t quorem
001177b0 00001420 T _dtoa_r
00118bd0 000000e8 T memchr
00118cb8 00000028 T _wcsrtombs_r
00118ce0 00000140 T __swsetup_r
00118e20 00000024 T _localeconv_r
00118e44 000004f0 T _realloc_r
00119334 0000012c T __ssputs_r
00119460 000000f8 T __utf8_wctomb
00119558 0000015c T _wcsnrtombs_l
001196b4 00000064 T _wcsnrtombs_r
00119718 0000005c T __assert_func
00119774 00000088 T _Balloc
001197fc 0000001c T _Bfree
00119818 000000f4 T __multadd
0011990c 00000080 T __hi0bits
0011998c 000000f0 T __lo0bits
00119a7c 000000a4 T __i2b
00119b20 00000230 T __multiply
00119d50 00000130 T __pow5mult
00119e80 00000138 T __lshift
00119fb8 00000058 T __mcmp
0011a010 00000218 T __mdiff
0011a228 00000120 T __d2b
0011a348 00000340 T __utf8_mbtowc
0011a688 0000003c T fiprintf
0011a6c4 00000140 T strchr
0011a804 00000014 T abort
0011a818 000005e0 t get_arg
0011adf8 000022f8 T _vfiprintf_r
0011d0f0 000000b4 t __sbprintf
0011d1a4 0000009c T _raise_r
0011d240 00000020 T raise
0011d260 00000030 T __sprint_r
0011d290 00000020 T _exit
0011d2b0 00000140 T chdir
0011d3f0 000001c8 T _concatenate_path
0011d5b8 0000009c T _fstat_r
0011d654 00000014 T _getpid_r
0011d668 0000002c T __getreent
0011d694 000000a0 T __release_handle
0011d734 000000b0 T __alloc_handle
0011d7e4 00000058 T __get_handle
0011d83c 00000110 T _close_r
0011d94c 00000008 t null_write
0011d954 00000018 T setDefaultDevice
0011d96c 00000098 T FindDevice
0011da04 00000024 T RemoveDevice
0011da28 00000088 T AddDevice
0011dab0 00000020 T GetDeviceOpTab
0011dad0 00000008 T _isatty_r
0011dad8 00000014 T _kill_r
0011daec 00000094 T _lseek_r
0011db80 00000068 T mkdir
0011dbe8 000000c0 T _open_r
0011dca8 00000094 T _read_r
0011dd3c 00000078 W _sbrk_r
0011ddb4 0000001c T __libc_lock_acquire
0011ddd0 0000001c T __libc_lock_release
0011ddec 0000001c T __libc_lock_acquire_recursive
0011de08 0000001c T __libc_lock_release_recursive
0011de24 00000094 T _write_r
0011deb8 00000048 T strrchr
0011df00 T _fini
0011e000 000000c0 r PRESETS
0011e3bc r .LC2
0011e500 R render2d_shbin
0011e68c 00000004 r depthFmtSizes
0011e68c R render2d_shbin_end
0011e690 00000005 r colorFmtSizes
0011e698 00000010 r CSWTCH.11
0011e6d0 00000008 r morton_y.2
0011e6d8 00000008 r morton_x.3
0011e6e0 00000008 r s_sleepWakeEvents.4
0011e6e8 0000000c r serviceNameTable.5
0011e6f4 00000030 r error_table
0011e724 00000080 r archive_devoptab
0011e8cc 00000010 r zeroes.0
0011e8dc 00000010 r blanks.1
0011e8ec 00000101 R _ctype_
0011e9f0 0000006c R __action_table
0011ea5c 0000006c R __state_table
0011eac8 00000100 R __chclass
0011ebd0 0000000c r p05.0
0011ebe0 00000028 R __mprec_bigtens
0011ec08 000000c8 R __mprec_tens
0011edbc 00000010 r zeroes.0
0011edcc 00000010 r blanks.1
0011eddc 00000080 R dotab_stdnull
0011ee5c R __tdata_align
0011ee60 r __EH_FRAME_BEGIN__
0011ee60 R __exidx_end
0011ee60 R __exidx_start
0011f000 00000008 d framerateCounter
0011f008 00000004 d framerate
0011f00c 00000004 d queueLock
0011f010 00000004 d aptChainloadDeliverArgSize
0011f014 00000004 d kCount
0011f018 00000004 d kInterval
0011f01c 00000004 d kDelay
0011f020 W __stacksize__
0011f024 00000004 D _impure_ptr
0011f028 00000200 D _impure_data
0011f228 00000004 D __malloc_sbrk_base
0011f22c 00000004 D __malloc_trim_threshold
0011f230 00000408 D __malloc_av_
0011f638 0000000c D __sglue
0011f644 00000254 D __global_locale
0011f898 00000400 d _current_working_directory
0011fc98 00001000 d handles
00120c98 0000000c d __stderr_handle
00120ca4 0000000c d __stdout_handle
00120cb0 0000000c d __stdin_handle
00120cbc 0000008c D devoptab_list
00120d48 00000004 d defaultDevice
00120d54 d _GLOBAL_OFFSET_TABLE_
00120d60 d __frame_dummy_init_array_entry
00120d60 D __init_array_start
00120d60 B __preinit_array_end
00120d60 B __preinit_array_start
00120d60 D __tdata_lma
00120d60 D __tdata_lma_end
00120d64 d __do_global_dtors_aux_fini_array_entry
00120d64 D __fini_array_start
00120d64 D __init_array_end
00120d68 D __bss_start__
00120d68 000005a8 B __C2Di_Context
00120d68 D __fini_array_end
00121310 00000040 b s_projTop
00121350 00000040 b s_projBot
00121390 00000004 b uLoc_mdlvMtx
00121394 00000004 b uLoc_projMtx
00121398 b completed.1
0012139c b object.0
001213b4 0000000c b hookCookie
001213c0 000002d0 B __C3D_Context
00121690 00000004 b frameEndCbData
00121694 00000004 b frameEndCb
00121698 00000008 b frameCounter
001216a0 00000001 b isTopStereo
001216a1 00000001 b needSwapBot
001216a2 00000001 b needSwapTop
001216a3 00000001 b measureGpuTime
001216a4 00000001 b inSafeTransfer
001216a5 00000001 b inFrame
001216a8 00000010 b cpuTime
001216b8 00000010 b gpuTime
001216c8 0000000c b linkedTarget
001216d4 00000004 b lastTarget
001216d8 00000004 b firstTarget
001216dc 00000008 b C3Di_IVUnifEverDirty
001216e4 000000c0 b C3Di_FVUnifEverDirty
001217a4 00000018 b C3Di_ShaderFVecData
001217bc 00000002 B C3D_BoolUnifsDirty
001217c0 00000008 B C3D_IVUnifDirty
001217c8 000000c0 B C3D_FVUnifDirty
00121888 00000004 B C3D_BoolUnifs
0012188c 00000020 B C3D_IVUnif
001218ac 00000c00 B C3D_FVUnif
001224b0 00000008 b sLinearPool
001224b8 0000000c b sAddrMap
001224c8 00000008 b sVramPoolB
001224d0 00000008 b sVramPoolA
001224d8 0000000c b sAddrMap
001224e4 00000004 b screenAlloc
001224e8 00000004 b screenFree
001224ec 00000002 b gfxIsDoubleBuf
001224f0 00000002 b gfxCurBuf
001224f2 00000001 b gfxIsVram
001224f3 00000001 b gfxTopMode
001224f4 00000002 b gfxFramebufferFormats
001224f8 00000004 b gfxBottomFramebufferMaxSize
001224fc 00000004 b gfxTopFramebufferMaxSize
00122500 00000008 b gfxBottomFramebuffers
00122508 00000008 b gfxTopFramebuffers
00122510 00000001 V __ctru_speedup
00122514 00000004 B gpuCmdBufOffset
00122518 00000004 B gpuCmdBufSize
0012251c 00000004 B gpuCmdBuf
00122520 00000004 b boundQueue
00122524 00000001 b shouldStop
00122525 00000001 b isRunning
00122526 00000001 b isActive
00122528 00000004 b curQueue
0012252c 00000001 b flagValue.0
0012252d 00000001 b flagInit.1
00122530 00000004 b serviceName.6
00122534 00000001 b aptChainloadFlags
00122535 00000001 b aptChainloadMediatype
00122538 00000020 b aptChainloadHmac
00122558 00000300 b aptChainloadDeliverArg
00122858 00000008 b aptChainloadTid
00122860 00001000 b aptParameters
00123860 00000004 b aptFlags
00123864 00000001 b aptHomeButtonState
00123868 00000004 b aptMessageFuncData
0012386c 00000004 b aptMessageFunc
00123870 0000000c b aptFirstHook
0012387c 00000001 b aptEventHandlerThreadQuit
00123880 00000004 b aptEventHandlerThread
00123884 00000008 b aptSleepEvent
0012388c 00000008 b aptReceiveEvent
00123894 00000008 b aptEvents
0012389c 00000004 b aptLockHandle
001238a0 00000004 b aptRefCount
001238a4 00000007 b gspEventCbOneShot
001238ac 0000001c b gspEventCbData
001238c8 0000001c b gspEventCb
001238e4 00000038 b gspEvents
0012391c 00000004 b gspLastEvent
00123920 00000001 b gspRunEvents
00123924 00000004 b gspEventThread
00123928 00000004 b gspEvent
0012392c 00000001 b gspGpuRight
0012392d 00000001 b gspThreadId
00123930 00000004 b gspSharedMem
00123934 00000004 b gspSharedMemHandle
00123938 00000004 b gspRefCount
0012393c 00000004 b gspGpuHandle
00123940 00000001 b usingIrrst
00123944 00000004 b hidRefCount
00123948 00000006 b gRate
00123950 00000006 b aVec
00123958 00000004 b cPos
0012395c 00000004 b tPos
00123960 00000004 b kRepeat
00123964 00000004 b kUp
00123968 00000004 b kDown
0012396c 00000004 b kHeld
00123970 00000004 b kOld
00123974 00000004 B hidSharedMem
00123978 00000014 B hidEvents
0012398c 00000004 B hidMemHandle
00123990 00000004 B hidHandle
00123994 00000004 b irrstRefCount
00123998 00000004 b csPos
0012399c 00000004 b kHeld
001239a0 00000004 B irrstSharedMem
001239a4 00000004 B irrstEvent
001239a8 00000004 B irrstMemHandle
001239ac 00000004 B irrstHandle
001239b0 00000004 b mcuHwcRefCount
001239b4 00000004 b mcuHwcHandle
001239b8 00000004 b ptmSysmRefCount
001239bc 00000004 b ptmSysmHandle
001239c0 00000004 V __ctru_linear_heap_size
001239c4 00000004 V __ctru_heap_size
001239c8 00000004 B __ctru_linear_heap
001239cc 00000004 B __ctru_heap
001239d0 00000004 B __system_retAddr
001239d4 00000004 B __system_argv
001239d8 00000004 B __system_argc
001239dc b saved_stack
001239e4 00000004 B __3dslink_host
001239e8 00000004 b srvRefCount
001239ec 00000004 b srvHandle
001239f0 00000004 b arbiter
001239f4 00000004 b currentAddr
001239f8 00000004 b maxAddr
001239fc 00000004 b minAddr
00123a00 00000004 b srvPmHandle
00123a08 000005c0 b archive_devices
00123fc8 00000004 b archive_device_cwd
00123fcc 00000001 b archive_initialized
00123fd0 00000080 b fsExemptArchives
00124050 00000004 b fsuRefCount
00124054 00000004 b fsuHandle
00124058 00000028 B __malloc_current_mallinfo
00124080 00000004 B __malloc_max_total_mem
00124084 00000004 B __malloc_max_sbrked_mem
00124088 00000004 B __malloc_top_pad
0012408c 0000000c b __sfp_recursive_mutex
00124098 00000168 B __sf
00124200 00000004 B __stdio_exit_handler
00124204 0000000c b __malloc_recursive_mutex
00124210 00000400 b temp_cwd
00124610 00000004 b __hndl_lock
00124614 00000004 B fake_heap_start
00124618 00000004 B fake_heap_end
0012461c 00000004 b heap_start.0
00124620 B __tls_start
00125228 B __bss_end__
00125228 A __end__
00125228 B __tls_end
